TN:
SF:script/Counter.s.sol
DA:10,0
FN:10,CounterScript.setUp
FNDA:0,CounterScript.setUp
DA:12,0
FN:12,CounterScript.run
FNDA:0,CounterScript.run
DA:13,0
DA:15,0
DA:17,0
FNF:2
FNH:0
LF:5
LH:0
BRF:0
BRH:0
end_of_record
TN:
SF:script/DeployCore.s.sol
DA:14,0
FN:14,DeployCore.run
FNDA:0,DeployCore.run
DA:15,0
DA:16,0
DA:18,0
DA:20,0
DA:21,0
DA:22,0
DA:23,0
DA:25,0
DA:26,0
DA:28,0
DA:29,0
DA:31,0
DA:33,0
DA:34,0
DA:35,0
DA:36,0
DA:37,0
DA:38,0
DA:39,0
DA:40,0
FNF:1
FNH:0
LF:21
LH:0
BRF:0
BRH:0
end_of_record
TN:
SF:src/Counter.sol
DA:7,258
FN:7,Counter.setNumber
FNDA:258,Counter.setNumber
DA:8,258
DA:11,1
FN:11,Counter.increment
FNDA:1,Counter.increment
DA:12,1
FNF:2
FNH:2
LF:4
LH:4
BRF:0
BRH:0
end_of_record
TN:
SF:src/factories/VaultFactory.sol
DA:10,0
FN:10,VaultFactory.createVault
FNDA:0,VaultFactory.createVault
DA:11,0
DA:12,0
DA:13,0
DA:16,0
FN:16,VaultFactory.createVaultWithSalt
FNDA:0,VaultFactory.createVaultWithSalt
DA:17,0
DA:18,0
DA:20,0
DA:21,0
BRDA:21,0,0,-
DA:23,0
DA:24,0
DA:25,0
DA:28,0
FN:28,VaultFactory.predictAddress
FNDA:0,VaultFactory.predictAddress
DA:29,0
DA:30,0
DA:31,0
FNF:3
FNH:0
LF:16
LH:0
BRF:1
BRH:0
end_of_record
TN:
SF:src/lending/RwaLendingPool.sol
DA:34,6369
FN:34,RwaLendingPool.initialize
FNDA:6369,RwaLendingPool.initialize
DA:35,6
DA:36,6
DA:37,6
DA:38,6
DA:39,6
DA:40,6
DA:43,6432
FN:43,RwaLendingPool.setCollateralToken
FNDA:6432,RwaLendingPool.setCollateralToken
DA:44,6
DA:47,6373
FN:47,RwaLendingPool.deposit
FNDA:6373,RwaLendingPool.deposit
DA:48,6372
BRDA:48,0,0,6369
BRDA:48,0,1,3
DA:49,3
DA:50,3
DA:51,3
DA:54,6414
FN:54,RwaLendingPool.borrow
FNDA:6414,RwaLendingPool.borrow
DA:55,6414
BRDA:55,1,0,78
BRDA:55,1,1,6336
DA:56,6336
BRDA:56,2,0,0
BRDA:56,2,1,6336
DA:57,6336
DA:58,6336
DA:59,6336
DA:60,2
DA:63,6399
FN:63,RwaLendingPool.repay
FNDA:6399,RwaLendingPool.repay
DA:64,6399
DA:65,6399
BRDA:65,3,0,6398
BRDA:65,3,1,1
DA:66,1
BRDA:66,4,0,0
DA:67,1
DA:68,1
DA:69,1
DA:72,6486
FN:72,RwaLendingPool.liquidate
FNDA:6486,RwaLendingPool.liquidate
DA:73,6486
BRDA:73,5,0,6486
BRDA:73,5,1,0
DA:74,0
DA:75,0
DA:76,0
DA:77,0
DA:78,0
DA:81,0
FN:81,RwaLendingPool.healthFactor
FNDA:0,RwaLendingPool.healthFactor
DA:82,12822
DA:83,12822
BRDA:83,6,0,12822
DA:84,0
DA:87,6443
FN:87,RwaLendingPool.pause
FNDA:6443,RwaLendingPool.pause
DA:88,1
DA:91,6453
FN:91,RwaLendingPool.unpause
FNDA:6453,RwaLendingPool.unpause
DA:92,0
DA:95,0
FN:95,RwaLendingPool._authorizeUpgrade
FNDA:0,RwaLendingPool._authorizeUpgrade
DA:97,6453
FN:97,RwaLendingPool.onlyAdmin
FNDA:6453,RwaLendingPool.onlyAdmin
DA:98,6453
BRDA:98,7,0,0
BRDA:98,7,1,0
FNF:11
FNH:9
LF:46
LH:37
BRF:14
BRH:9
end_of_record
TN:
SF:src/lending/libraries/InterestMath.sol
DA:5,257
FN:5,InterestMath.calculateLinearInterestPure
FNDA:257,InterestMath.calculateLinearInterestPure
DA:6,257
DA:9,513
FN:9,InterestMath.calculateLinearInterestYul
FNDA:513,InterestMath.calculateLinearInterestYul
DA:11,513
DA:12,513
DA:13,513
DA:14,513
FNF:2
FNH:2
LF:7
LH:7
BRF:0
BRH:0
end_of_record
TN:
SF:src/oracles/ChainlinkPriceOracle.sol
DA:12,0
FN:12,ChainlinkPriceOracle.constructor
FNDA:0,ChainlinkPriceOracle.constructor
DA:13,0
DA:16,0
FN:16,ChainlinkPriceOracle.onlyAdmin
FNDA:0,ChainlinkPriceOracle.onlyAdmin
DA:17,0
BRDA:17,0,0,-
BRDA:17,0,1,-
DA:21,0
FN:21,ChainlinkPriceOracle.setFeed
FNDA:0,ChainlinkPriceOracle.setFeed
DA:22,0
DA:25,0
FN:25,ChainlinkPriceOracle.getPrice
FNDA:0,ChainlinkPriceOracle.getPrice
DA:26,0
DA:27,0
BRDA:27,1,0,-
BRDA:27,1,1,-
DA:28,0
DA:29,0
BRDA:29,2,0,-
BRDA:29,2,1,-
DA:30,0
BRDA:30,3,0,-
BRDA:30,3,1,-
DA:31,0
FNF:4
FNH:0
LF:13
LH:0
BRF:8
BRH:0
end_of_record
TN:
SF:src/tokens/AssetCertificate.sol
DA:11,4
FN:11,AssetCertificate.constructor
FNDA:4,AssetCertificate.constructor
DA:12,4
DA:15,5
FN:15,AssetCertificate.safeMint
FNDA:5,AssetCertificate.safeMint
DA:16,4
DA:17,4
DA:18,4
DA:21,0
FN:21,AssetCertificate.supportsInterface
FNDA:0,AssetCertificate.supportsInterface
DA:22,0
FNF:3
FNH:2
LF:8
LH:6
BRF:0
BRH:0
end_of_record
TN:
SF:src/tokens/AssetToken.sol
DA:11,6
FN:11,AssetToken.constructor
FNDA:6,AssetToken.constructor
DA:12,6
DA:15,6
FN:15,AssetToken.mint
FNDA:6,AssetToken.mint
DA:16,5
FNF:2
FNH:2
LF:4
LH:4
BRF:0
BRH:0
end_of_record
TN:
SF:src/vault/RwaYieldVault.sol
DA:10,5
FN:10,RwaYieldVault.constructor
FNDA:5,RwaYieldVault.constructor
DA:14,5
DA:17,3
FN:17,RwaYieldVault.totalAssets
FNDA:3,RwaYieldVault.totalAssets
DA:18,24236
FNF:2
FNH:2
LF:4
LH:4
BRF:0
BRH:0
end_of_record
TN:
SF:test/lending/InvariantTest.t.sol
DA:9,0
FN:9,MockPriceOracle.getPrice
FNDA:0,MockPriceOracle.getPrice
DA:10,0
FNF:1
FNH:0
LF:2
LH:0
BRF:0
BRH:0
end_of_record
TN:
SF:test/lending/RwaLendingPool.t.sol
DA:9,0
FN:9,MockPriceOracle.getPrice
FNDA:0,MockPriceOracle.getPrice
DA:10,0
FNF:1
FNH:0
LF:2
LH:0
BRF:0
BRH:0
end_of_record
TN:
SF:test/vault/MockERC20.sol
DA:7,18
FN:7,MockERC20.constructor
FNDA:18,MockERC20.constructor
DA:8,18
FNF:1
FNH:1
LF:2
LH:2
BRF:0
BRH:0
end_of_record
TN:
SF:test/vulnerabilities/Attacker.sol
DA:9,1
FN:9,Attacker.constructor
FNDA:1,Attacker.constructor
DA:10,1
DA:13,1
FN:13,Attacker.attack
FNDA:1,Attacker.attack
DA:14,1
DA:15,1
DA:18,11
FN:18,Attacker.receive
FNDA:11,Attacker.receive
DA:19,11
BRDA:19,0,0,10
DA:20,10
FNF:3
FNH:3
LF:8
LH:8
BRF:1
BRH:1
end_of_record
TN:
SF:test/vulnerabilities/ReentrancyVulnerable.sol
DA:7,1
FN:7,ReentrancyVulnerable.deposit
FNDA:1,ReentrancyVulnerable.deposit
DA:8,1
DA:11,11
FN:11,ReentrancyVulnerable.withdraw
FNDA:11,ReentrancyVulnerable.withdraw
DA:12,11
DA:13,11
BRDA:13,0,0,0
BRDA:13,0,1,11
DA:14,11
DA:15,11
BRDA:15,1,0,0
BRDA:15,1,1,11
DA:16,11
FNF:2
FNH:2
LF:8
LH:8
BRF:4
BRH:2
end_of_record
