TN:
SF:script/Counter.s.sol
DA:10,0
FN:10,CounterScript.setUp
FNDA:0,CounterScript.setUp
DA:12,0
FN:12,CounterScript.run
FNDA:0,CounterScript.run
DA:13,0
DA:15,0
DA:17,0
FNF:2
FNH:0
LF:5
LH:0
BRF:0
BRH:0
end_of_record
TN:
SF:script/DeployCore.s.sol
DA:14,0
FN:14,DeployCore.run
FNDA:0,DeployCore.run
DA:15,0
DA:16,0
DA:18,0
DA:20,0
DA:21,0
DA:22,0
DA:23,0
DA:25,0
DA:26,0
DA:28,0
DA:29,0
DA:31,0
DA:33,0
DA:34,0
DA:35,0
DA:36,0
DA:37,0
DA:38,0
DA:39,0
DA:40,0
FNF:1
FNH:0
LF:21
LH:0
BRF:0
BRH:0
end_of_record
TN:
SF:script/DeployGovernance.s.sol
DA:10,0
FN:10,DeployGovernance.run
FNDA:0,DeployGovernance.run
DA:11,0
DA:12,0
DA:14,0
DA:16,0
DA:18,0
DA:19,0
DA:20,0
DA:21,0
DA:23,0
DA:25,0
DA:34,0
DA:36,0
DA:38,0
DA:39,0
DA:40,0
DA:41,0
FNF:1
FNH:0
LF:17
LH:0
BRF:0
BRH:0
end_of_record
TN:
SF:src/Counter.sol
DA:7,258
FN:7,Counter.setNumber
FNDA:258,Counter.setNumber
DA:8,258
DA:11,1
FN:11,Counter.increment
FNDA:1,Counter.increment
DA:12,1
FNF:2
FNH:2
LF:4
LH:4
BRF:0
BRH:0
end_of_record
TN:
SF:src/factories/VaultFactory.sol
DA:10,0
FN:10,VaultFactory.createVault
FNDA:0,VaultFactory.createVault
DA:11,0
DA:12,0
DA:13,0
DA:16,0
FN:16,VaultFactory.createVaultWithSalt
FNDA:0,VaultFactory.createVaultWithSalt
DA:17,0
DA:18,0
DA:20,0
DA:21,0
BRDA:21,0,0,-
DA:23,0
DA:24,0
DA:25,0
DA:28,0
FN:28,VaultFactory.predictAddress
FNDA:0,VaultFactory.predictAddress
DA:29,0
DA:30,0
DA:31,0
FNF:3
FNH:0
LF:16
LH:0
BRF:1
BRH:0
end_of_record
TN:
SF:src/governance/RWAGovernor.sol
DA:36,1
FN:36,RWAGovernor.votingDelay
FNDA:1,RWAGovernor.votingDelay
DA:42,2
DA:45,1
FN:45,RWAGovernor.votingPeriod
FNDA:1,RWAGovernor.votingPeriod
DA:51,2
DA:54,1
FN:54,RWAGovernor.proposalThreshold
FNDA:1,RWAGovernor.proposalThreshold
DA:60,2
DA:63,0
FN:63,RWAGovernor.quorum
FNDA:0,RWAGovernor.quorum
DA:69,0
DA:72,1
FN:72,RWAGovernor.state
FNDA:1,RWAGovernor.state
DA:78,1
DA:81,1
FN:81,RWAGovernor.propose
FNDA:1,RWAGovernor.propose
DA:87,1
DA:90,0
FN:90,RWAGovernor._execute
FNDA:0,RWAGovernor._execute
DA:97,0
DA:100,0
FN:100,RWAGovernor._cancel
FNDA:0,RWAGovernor._cancel
DA:106,0
DA:109,0
FN:109,RWAGovernor._executor
FNDA:0,RWAGovernor._executor
DA:115,0
DA:118,0
FN:118,RWAGovernor.supportsInterface
FNDA:0,RWAGovernor.supportsInterface
DA:124,0
FNF:10
FNH:5
LF:20
LH:10
BRF:0
BRH:0
end_of_record
TN:
SF:src/lending/RwaLendingPool.sol
DA:36,6369
FN:36,RwaLendingPool.initialize
FNDA:6369,RwaLendingPool.initialize
DA:37,6
DA:38,6
DA:39,6
DA:40,6
DA:41,6
DA:42,6
DA:45,6432
FN:45,RwaLendingPool.setCollateralToken
FNDA:6432,RwaLendingPool.setCollateralToken
DA:46,6
DA:49,6373
FN:49,RwaLendingPool.deposit
FNDA:6373,RwaLendingPool.deposit
DA:50,6372
BRDA:50,0,0,6369
BRDA:50,0,1,3
DA:51,3
DA:52,3
DA:53,3
DA:56,6414
FN:56,RwaLendingPool.borrow
FNDA:6414,RwaLendingPool.borrow
DA:57,6414
BRDA:57,1,0,78
BRDA:57,1,1,6336
DA:58,6336
BRDA:58,2,0,-
BRDA:58,2,1,6336
DA:59,6336
DA:60,6336
DA:61,6336
DA:62,2
DA:65,6399
FN:65,RwaLendingPool.repay
FNDA:6399,RwaLendingPool.repay
DA:66,6399
DA:67,6399
BRDA:67,3,0,6398
BRDA:67,3,1,1
DA:68,1
BRDA:68,4,0,-
DA:69,1
DA:70,1
DA:71,1
DA:74,6486
FN:74,RwaLendingPool.liquidate
FNDA:6486,RwaLendingPool.liquidate
DA:75,6486
BRDA:75,5,0,6486
BRDA:75,5,1,-
DA:76,0
DA:77,0
DA:78,0
DA:79,0
DA:80,0
DA:83,0
FN:83,RwaLendingPool.healthFactor
FNDA:0,RwaLendingPool.healthFactor
DA:84,12822
DA:85,12822
BRDA:85,6,0,12822
DA:86,0
DA:89,6443
FN:89,RwaLendingPool.pause
FNDA:6443,RwaLendingPool.pause
DA:90,1
DA:93,6453
FN:93,RwaLendingPool.unpause
FNDA:6453,RwaLendingPool.unpause
DA:94,0
DA:97,0
FN:97,RwaLendingPool._authorizeUpgrade
FNDA:0,RwaLendingPool._authorizeUpgrade
DA:99,6453
FN:99,RwaLendingPool.onlyAdmin
FNDA:6453,RwaLendingPool.onlyAdmin
DA:100,6453
BRDA:100,7,0,-
BRDA:100,7,1,-
FNF:11
FNH:9
LF:46
LH:37
BRF:14
BRH:9
end_of_record
TN:
SF:src/lending/libraries/InterestMath.sol
DA:5,257
FN:5,InterestMath.calculateLinearInterestPure
FNDA:257,InterestMath.calculateLinearInterestPure
DA:10,257
DA:13,513
FN:13,InterestMath.calculateLinearInterestYul
FNDA:513,InterestMath.calculateLinearInterestYul
DA:19,513
DA:20,513
DA:21,513
DA:22,513
FNF:2
FNH:2
LF:7
LH:7
BRF:0
BRH:0
end_of_record
TN:
SF:src/oracles/ChainlinkPriceOracle.sol
DA:12,0
FN:12,ChainlinkPriceOracle.constructor
FNDA:0,ChainlinkPriceOracle.constructor
DA:13,0
DA:16,0
FN:16,ChainlinkPriceOracle.onlyAdmin
FNDA:0,ChainlinkPriceOracle.onlyAdmin
DA:17,0
BRDA:17,0,0,-
BRDA:17,0,1,-
DA:21,0
FN:21,ChainlinkPriceOracle.setFeed
FNDA:0,ChainlinkPriceOracle.setFeed
DA:22,0
DA:25,0
FN:25,ChainlinkPriceOracle.getPrice
FNDA:0,ChainlinkPriceOracle.getPrice
DA:26,0
DA:27,0
BRDA:27,1,0,-
BRDA:27,1,1,-
DA:28,0
DA:29,0
BRDA:29,2,0,-
BRDA:29,2,1,-
DA:30,0
BRDA:30,3,0,-
BRDA:30,3,1,-
DA:31,0
FNF:4
FNH:0
LF:13
LH:0
BRF:8
BRH:0
end_of_record
TN:
SF:src/tokens/AssetCertificate.sol
DA:11,4
FN:11,AssetCertificate.constructor
FNDA:4,AssetCertificate.constructor
DA:12,4
DA:15,5
FN:15,AssetCertificate.safeMint
FNDA:5,AssetCertificate.safeMint
DA:16,4
DA:17,4
DA:18,4
DA:21,0
FN:21,AssetCertificate.supportsInterface
FNDA:0,AssetCertificate.supportsInterface
DA:22,0
FNF:3
FNH:2
LF:8
LH:6
BRF:0
BRH:0
end_of_record
TN:
SF:src/tokens/AssetToken.sol
DA:11,6
FN:11,AssetToken.constructor
FNDA:6,AssetToken.constructor
DA:12,6
DA:15,6
FN:15,AssetToken.mint
FNDA:6,AssetToken.mint
DA:16,5
FNF:2
FNH:2
LF:4
LH:4
BRF:0
BRH:0
end_of_record
TN:
SF:src/tokens/GovernanceToken.sol
DA:10,6
FN:10,GovernanceToken.constructor
FNDA:6,GovernanceToken.constructor
DA:14,6
DA:15,6
DA:18,265
FN:18,GovernanceToken._afterTokenTransfer
FNDA:265,GovernanceToken._afterTokenTransfer
DA:23,265
DA:26,6
FN:26,GovernanceToken._mint
FNDA:6,GovernanceToken._mint
DA:30,6
DA:33,0
FN:33,GovernanceToken._burn
FNDA:0,GovernanceToken._burn
DA:37,0
FNF:4
FNH:3
LF:9
LH:7
BRF:0
BRH:0
end_of_record
TN:
SF:src/vault/RwaYieldVault.sol
DA:10,5
FN:10,RwaYieldVault.constructor
FNDA:5,RwaYieldVault.constructor
DA:11,5
DA:14,3
FN:14,RwaYieldVault.totalAssets
FNDA:3,RwaYieldVault.totalAssets
DA:15,24236
FNF:2
FNH:2
LF:4
LH:4
BRF:0
BRH:0
end_of_record
TN:
SF:test/lending/InvariantTest.t.sol
DA:9,0
FN:9,MockPriceOracle.getPrice
FNDA:0,MockPriceOracle.getPrice
DA:10,0
FNF:1
FNH:0
LF:2
LH:0
BRF:0
BRH:0
end_of_record
TN:
SF:test/lending/RwaLendingPool.t.sol
DA:9,0
FN:9,MockPriceOracle.getPrice
FNDA:0,MockPriceOracle.getPrice
DA:10,0
FNF:1
FNH:0
LF:2
LH:0
BRF:0
BRH:0
end_of_record
TN:
SF:test/vault/MockERC20.sol
DA:7,18
FN:7,MockERC20.constructor
FNDA:18,MockERC20.constructor
DA:8,18
FNF:1
FNH:1
LF:2
LH:2
BRF:0
BRH:0
end_of_record
TN:
SF:test/vulnerabilities/AccessControlFixed.sol
DA:7,2
FN:7,AccessControlSafe.constructor
FNDA:2,AccessControlSafe.constructor
DA:8,2
DA:11,1
FN:11,AccessControlSafe.changeOwner
FNDA:1,AccessControlSafe.changeOwner
DA:12,1
BRDA:12,0,0,1
BRDA:12,0,1,-
DA:13,0
FNF:2
FNH:2
LF:5
LH:4
BRF:2
BRH:1
end_of_record
TN:
SF:test/vulnerabilities/AccessControlVulnerable.sol
DA:7,2
FN:7,AccessControlVulnerable.constructor
FNDA:2,AccessControlVulnerable.constructor
DA:8,2
DA:11,1
FN:11,AccessControlVulnerable.changeOwner
FNDA:1,AccessControlVulnerable.changeOwner
DA:12,1
BRDA:12,0,0,1
BRDA:12,0,1,-
DA:13,0
FNF:2
FNH:2
LF:5
LH:4
BRF:2
BRH:1
end_of_record
TN:
SF:test/vulnerabilities/Attacker.sol
DA:9,1
FN:9,Attacker.constructor
FNDA:1,Attacker.constructor
DA:10,1
DA:13,1
FN:13,Attacker.attack
FNDA:1,Attacker.attack
DA:14,1
DA:15,1
DA:18,11
FN:18,Attacker.receive
FNDA:11,Attacker.receive
DA:19,11
BRDA:19,0,0,10
DA:20,10
FNF:3
FNH:3
LF:8
LH:8
BRF:1
BRH:1
end_of_record
TN:
SF:test/vulnerabilities/ReentrancyVulnerable.sol
DA:7,1
FN:7,ReentrancyVulnerable.deposit
FNDA:1,ReentrancyVulnerable.deposit
DA:8,1
DA:11,11
FN:11,ReentrancyVulnerable.withdraw
FNDA:11,ReentrancyVulnerable.withdraw
DA:12,11
DA:13,11
BRDA:13,0,0,-
BRDA:13,0,1,11
DA:14,11
DA:15,11
BRDA:15,1,0,-
BRDA:15,1,1,11
DA:16,11
FNF:2
FNH:2
LF:8
LH:8
BRF:4
BRH:2
end_of_record
